6 228 15 131 174 87 79
3 209 244 42
3 206 205 137
3 256 18 211
3 93 105 134
3 278 193 127
3 35 133 151
3 149 14 25
3 266 241 7
3 123 198 184
3 61 130 204
3 201 279 8
3 3 136 24
3 30 183 180
3 250 29 110
3 170 20 167
3 132 92 53
3 196 155 0
3 252 126 168
3 177 292 287
3 192 203 113
3 45 210 40
3 59 89 216
3 215 290 143
3 140 253 150
3 248 13 2
3 27 156 293
3 82 85 257
3 186 64 17
3 121 261 202
3 139 76 57
3 152 247 271
3 182 77 114
3 233 181 36
3 109 128 296
3 283 295 75
3 173 227 166
3 67 263 262
3 146 291 221
3 115 107 96
3 242 19 274
3 163 259 34
3 238 80 54
3 68 213 58
3 78 219 99
3 101 47 9
3 189 165 270
3 66 39 200
3 55 284 212
3 98 83 299
3 265 246 144
3 272 97 22
3 26 44 286
3 5 249 159
3 154 190 280
3 288 239 267
3 43 117 220
3 255 217 282
3 176 187 178
3 100 31 236
3 235 95 63
3 124 222 65
3 153 161 38
3 194 229 164
3 6 16 108
3 145 28 4
3 120 172 103
3 157 81 276
3 158 162 234
3 208 281 230
3 70 195 49
3 207 188 41
3 106 122 10
3 118 260 179
3 104 245 72
3 119 37 294
3 71 185 171
3 69 48 148
3 51 277 62
3 240 223 32
3 12 218 225
3 237 135 23
3 191 129 275
3 142 224 33
3 160 285 169
3 50 46 88
3 231 243 197
3 90 214 232
3 199 125 297
3 268 56 102
3 251 91 141
3 111 289 258
3 73 11 264
3 94 1 116
2 86 74
3 254 60 226
3 52 273 298
3 112 21 138
2 84 269
2 147 175
